Arguments: 
  /home/oussama/.nvm/versions/node/v19.0.0/bin/node /home/oussama/.nvm/versions/node/v19.0.0/bin/yarn add react-native-google-singin

PATH: 
  /home/oussama/Android/Sdk/platform-tools:/home/oussama/Android/Sdk/platform-tools:/home/oussama/Android/Sdk/platform-tools:/home/oussama/Android/Sdk/platform-tools:/home/oussama/Android/Sdk/platform-tools:/home/oussama/Android/Sdk/platform-tools:/home/oussama/Android/Sdk/platform-tools:/home/oussama/Android/Sdk/platform-tools:/home/oussama/Android/Sdk/platform-tools:/home/oussama/Android/Sdk/platform-tools:/home/oussama/Android/Sdk/platform-tools:/home/oussama/Android/Sdk/platform-tools:/home/oussama/Android/Sdk/platform-tools:/home/oussama/Android/Sdk/platform-tools:/home/oussama/Android/Sdk/platform-tools:/home/oussama/Android/Sdk/platform-tools:/home/oussama/Android/Sdk/platform-tools:/home/oussama/Android/Sdk/platform-tools:/home/oussama/Android/Sdk/platform-tools:/home/oussama/Android/Sdk/platform-tools:/home/oussama/Android/Sdk/platform-tools:/home/oussama/Android/Sdk/platform-tools:/home/oussama/Android/Sdk/platform-tools:/home/oussama/Android/Sdk/platform-tools:/home/oussama/Android/Sdk/platform-tools:/home/oussama/Android/Sdk/platform-tools:/home/oussama/Android/Sdk/platform-tools:/home/oussama/Android/Sdk/platform-tools:/home/oussama/Android/Sdk/platform-tools:/home/oussama/Android/Sdk/platform-tools:/home/oussama/Android/Sdk/platform-tools:/home/oussama/Android/Sdk/platform-tools:/home/oussama/Android/Sdk/platform-tools:/home/oussama/Android/Sdk/platform-tools:/home/oussama/Android/Sdk/platform-tools:/home/oussama/Android/Sdk/platform-tools:/home/oussama/Android/Sdk/platform-tools:/home/oussama/Android/Sdk/platform-tools:/home/oussama/Android/Sdk/platform-tools:/home/oussama/Android/Sdk/platform-tools:/home/oussama/Android/Sdk/platform-tools:/home/oussama/Android/Sdk/platform-tools:/home/oussama/Android/Sdk/platform-tools:/home/oussama/Android/Sdk/platform-tools:/home/oussama/Android/Sdk/platform-tools:/home/oussama/Android/Sdk/platform-tools:/home/oussama/Android/Sdk/platform-tools:/home/oussama/Android/Sdk/platform-tools:/home/oussama/Android/Sdk/platform-tools:/home/oussama/Android/Sdk/platform-tools:/home/oussama/Android/Sdk/platform-tools:/home/oussama/Android/Sdk/platform-tools:/home/oussama/Android/Sdk/platform-tools:/home/oussama/Android/Sdk/platform-tools:/home/oussama/Android/Sdk/platform-tools:/home/oussama/Android/Sdk/platform-tools:/home/oussama/Android/Sdk/platform-tools:/home/oussama/Android/Sdk/platform-tools:/home/oussama/Android/Sdk/platform-tools:/home/oussama/Android/Sdk/platform-tools:/home/oussama/Android/Sdk/platform-tools:/home/oussama/Android/Sdk/platform-tools:/home/oussama/Android/Sdk/platform-tools:/home/oussama/Android/Sdk/platform-tools:/home/oussama/Android/Sdk/platform-tools:/home/oussama/Android/Sdk/platform-tools:/home/oussama/Android/Sdk/platform-tools:/home/oussama/Android/Sdk/platform-tools:/home/oussama/Android/Sdk/platform-tools:/home/oussama/Android/Sdk/platform-tools:/home/oussama/Android/Sdk/platform-tools:/home/oussama/Android/Sdk/platform-tools:/home/oussama/Android/Sdk/platform-tools:/home/oussama/Android/Sdk/platform-tools:/home/oussama/Android/Sdk/platform-tools:/home/oussama/Android/Sdk/platform-tools:/home/oussama/Android/Sdk/platform-tools:/home/oussama/Android/Sdk/platform-tools:/home/oussama/Android/Sdk/platform-tools:/home/oussama/Android/Sdk/platform-tools:/home/oussama/Android/Sdk/platform-tools:/home/oussama/Android/Sdk/platform-tools:/home/oussama/Android/Sdk/platform-tools:/home/oussama/Android/Sdk/platform-tools:/home/oussama/Android/Sdk/platform-tools:/home/oussama/Android/Sdk/platform-tools:/home/oussama/Android/Sdk/platform-tools:/home/oussama/Android/Sdk/platform-tools:/home/oussama/Android/Sdk/platform-tools:/home/oussama/Android/Sdk/platform-tools:/home/oussama/Android/Sdk/platform-tools:/home/oussama/Android/Sdk/platform-tools:/home/oussama/Android/Sdk/platform-tools:/home/oussama/Android/Sdk/platform-tools:/home/oussama/Android/Sdk/platform-tools:/home/oussama/Android/Sdk/platform-tools:/home/oussama/Android/Sdk/platform-tools:/home/oussama/Android/Sdk/platform-tools:/home/oussama/Android/Sdk/platform-tools:/home/oussama/Android/Sdk/platform-tools:/home/oussama/Android/Sdk/platform-tools:/home/oussama/Android/Sdk/platform-tools:/home/oussama/Android/Sdk/platform-tools:/home/oussama/Android/Sdk/platform-tools:/home/oussama/Android/Sdk/platform-tools:/home/oussama/Android/Sdk/platform-tools:/home/oussama/Android/Sdk/platform-tools:/home/oussama/Android/Sdk/platform-tools:/home/oussama/Android/Sdk/platform-tools:/home/oussama/Android/Sdk/platform-tools:/home/oussama/Android/Sdk/platform-tools:/home/oussama/Android/Sdk/platform-tools:/home/oussama/Android/Sdk/platform-tools:/home/oussama/Android/Sdk/platform-tools:/home/oussama/Android/Sdk/platform-tools:/home/oussama/Android/Sdk/platform-tools:/home/oussama/Android/Sdk/platform-tools:/home/oussama/Android/Sdk/platform-tools:/home/oussama/Android/Sdk/platform-tools:/home/oussama/Android/Sdk/platform-tools:/home/oussama/Android/Sdk/platform-tools:/home/oussama/Android/Sdk/platform-tools:/home/oussama/Android/Sdk/platform-tools:/home/oussama/Android/Sdk/platform-tools:/home/oussama/Android/Sdk/platform-tools:/home/oussama/Android/Sdk/platform-tools:/home/oussama/Android/Sdk/platform-tools:/home/oussama/Android/Sdk/platform-tools:/home/oussama/Android/Sdk/platform-tools:/home/oussama/Android/Sdk/platform-tools:/home/oussama/Android/Sdk/platform-tools:/home/oussama/Android/Sdk/platform-tools:/home/oussama/Android/Sdk/platform-tools:/home/oussama/Android/Sdk/platform-tools:/home/oussama/Android/Sdk/platform-tools:/home/oussama/Android/Sdk/platform-tools:/home/oussama/Android/Sdk/platform-tools:/home/oussama/Android/Sdk/platform-tools:/home/oussama/Android/Sdk/platform-tools:/home/oussama/Android/Sdk/platform-tools:/home/oussama/Android/Sdk/platform-tools:/home/oussama/Android/Sdk/platform-tools:/home/oussama/Android/Sdk/platform-tools:/home/oussama/Android/Sdk/platform-tools:/home/oussama/Android/Sdk/platform-tools:/home/oussama/Android/Sdk/platform-tools:/home/oussama/Android/Sdk/platform-tools:/home/oussama/Android/Sdk/platform-tools:/home/oussama/Android/Sdk/platform-tools:/home/oussama/Android/Sdk/platform-tools:/home/oussama/Android/Sdk/platform-tools:/home/oussama/Android/Sdk/platform-tools:/home/oussama/Android/Sdk/platform-tools:/home/oussama/Android/Sdk/platform-tools:/home/oussama/Android/Sdk/platform-tools:/home/oussama/Android/Sdk/platform-tools:/home/oussama/Android/Sdk/platform-tools:/home/oussama/Android/Sdk/platform-tools:/home/oussama/Android/Sdk/platform-tools:/home/oussama/Android/Sdk/platform-tools:/home/oussama/Android/Sdk/platform-tools:/home/oussama/Android/Sdk/platform-tools:/home/oussama/Android/Sdk/platform-tools:/home/oussama/Android/Sdk/platform-tools:/home/oussama/Android/Sdk/platform-tools:/home/oussama/Android/Sdk/platform-tools:/home/oussama/Android/Sdk/platform-tools:/home/oussama/Android/Sdk/platform-tools:/home/oussama/Android/Sdk/platform-tools:/home/oussama/Android/Sdk/platform-tools:/home/oussama/Android/Sdk/platform-tools:/home/oussama/Android/Sdk/platform-tools:/home/oussama/Android/Sdk/platform-tools:/home/oussama/Android/Sdk/platform-tools:/home/oussama/Android/Sdk/platform-tools:/home/oussama/Android/Sdk/platform-tools:/home/oussama/Android/Sdk/platform-tools:/home/oussama/Android/Sdk/platform-tools:/home/oussama/Android/Sdk/platform-tools:/home/oussama/Android/Sdk/platform-tools:/home/oussama/Android/Sdk/platform-tools:/home/oussama/Android/Sdk/platform-tools:/home/oussama/Android/Sdk/platform-tools:/home/oussama/Android/Sdk/platform-tools:/home/oussama/Android/Sdk/platform-tools:/home/oussama/Android/Sdk/platform-tools:/home/oussama/Android/Sdk/platform-tools:/home/oussama/Android/Sdk/platform-tools:/home/oussama/Android/Sdk/platform-tools:/home/oussama/Android/Sdk/platform-tools:/home/oussama/Android/Sdk/platform-tools:/home/oussama/Android/Sdk/platform-tools:/home/oussama/Android/Sdk/platform-tools:/home/oussama/Android/Sdk/platform-tools:/home/oussama/Android/Sdk/platform-tools:/home/oussama/Android/Sdk/platform-tools:/home/oussama/Android/Sdk/platform-tools:/home/oussama/Android/Sdk/platform-tools:/home/oussama/Android/Sdk/platform-tools:/home/oussama/Android/Sdk/platform-tools:/home/oussama/Android/Sdk/platform-tools:/home/oussama/Android/Sdk/platform-tools:/home/oussama/Android/Sdk/platform-tools:/home/oussama/Android/Sdk/platform-tools:/home/oussama/Android/Sdk/platform-tools:/home/oussama/Android/Sdk/platform-tools:/home/oussama/Android/Sdk/platform-tools:/home/oussama/Android/Sdk/platform-tools:/home/oussama/Android/Sdk/platform-tools:/home/oussama/Android/Sdk/platform-tools:/home/oussama/Android/Sdk/platform-tools:/home/oussama/Android/Sdk/platform-tools:/home/oussama/Android/Sdk/platform-tools:/home/oussama/Android/Sdk/platform-tools:/home/oussama/Android/Sdk/platform-tools:/home/oussama/Android/Sdk/platform-tools:/home/oussama/Android/Sdk/platform-tools:/home/linuxbrew/.linuxbrew/bin:/home/linuxbrew/.linuxbrew/sbin:/home/oussama/.nvm/versions/node/v19.0.0/bin:/home/oussama/.local/bin:/usr/local/sbin:/usr/local/bin:/usr/sbin:/usr/bin:/sbin:/bin:/usr/games:/usr/local/games:/snap/bin:/snap/bin

Yarn version: 
  1.22.19

Node version: 
  19.0.0

Platform: 
  linux x64

Trace: 
  Error: getaddrinfo EAI_AGAIN registry.yarnpkg.com
      at GetAddrInfoReqWrap.onlookup [as oncomplete] (node:dns:107:26)

npm manifest: 
  {
    "name": "frontend",
    "version": "1.0.0",
    "main": "node_modules/expo/AppEntry.js",
    "scripts": {
      "start": "expo start",
      "android": "expo start --android",
      "ios": "expo start --ios",
      "web": "expo start --web"
    },
    "dependencies": {
      "@react-navigation/bottom-tabs": "^6.5.8",
      "@react-navigation/native": "^6.1.6",
      "@react-navigation/stack": "^6.3.16",
      "@rneui/base": "^4.0.0-rc.7",
      "@rneui/themed": "^4.0.0-rc.7",
      "@shopify/flash-list": "1.4.0",
      "axios": "^1.4.0",
      "expo": "~48.0.18",
      "expo-dev-client": "~2.2.1",
      "expo-font": "~11.1.1",
      "expo-status-bar": "~1.4.4",
      "firebase": "^9.23.0",
      "react": "18.2.0",
      "react-hook-form": "^7.45.0",
      "react-native": "0.71.8",
      "react-native-paper": "^5.8.0",
      "react-native-safe-area-context": "4.5.0",
      "react-native-screens": "~3.20.0",
      "react-native-svg": "^13.4.0",
      "react-navigation": "^4.4.4",
      "zustand": "^4.3.8"
    },
    "devDependencies": {
      "@babel/core": "^7.20.0",
      "@types/react": "~18.0.14",
      "react-native-svg-transformer": "^1.0.0",
      "typescript": "^4.9.4"
    },
    "private": true
  }

yarn manifest: 
  No manifest

Lockfile: 
  No lockfile
